<?xml version="1.0" encoding="UTF-8"?>
<!-- Generated by org.testng.reporters.JUnitXMLReporter -->
<testsuite hostname="ShopRedesign04" name="BSI Admin" tests="4" failures="1" timestamp="26 Oct 2018 12:49:33 GMT" time="156.125" errors="0">
  <testcase name="signInCms" time="25.133" classname="com.tcs.BsiShopRedesign.cms.VerifyCmsDetails"/>
  <testcase name="verifyCmsDetails" time="58.194" classname="com.tcs.BsiShopRedesign.cms.VerifyCmsDetails"/>
  <testcase name="signInCms" time="8.527" classname="com.tcs.BsiShopRedesign.cms.ResetPassword"/>
  <testcase name="verifyCmsDetails" time="49.986" classname="com.tcs.BsiShopRedesign.cms.ResetPassword">
    <failure type="java.lang.AssertionError" message="Verification of Success Message was unsuccessful">
      <![CDATA[java.lang.AssertionError: Verification of Success Message was unsuccessful
	at com.tcs.BsiShopRedesign.utilities.CommonHelper.reportFailure(CommonHelper.java:76)
	at com.tcs.BsiShopRedesign.pages.CmsPage.verifyResetPwd(CmsPage.java:249)
	at com.tcs.BsiShopRedesign.cms.ResetPassword.verifyCmsDetails(ResetPassword.java:54)
... Removed 25 stack frames]]>
    </failure>
  </testcase> <!-- verifyCmsDetails -->
</testsuite> <!-- BSI Admin -->
