<?xml version="1.0" encoding="UTF-8"?>
<!-- Generated by org.testng.reporters.JUnitXMLReporter -->
<testsuite hostname="ShopRedesign04" name="BSI Admin" tests="2" failures="1" timestamp="10 Oct 2018 07:58:30 GMT" time="1050.688" errors="0">
  <testcase name="signInCms" time="367.538" classname="com.tcs.BsiShopRedesign.cms.VerifyCmsDetails"/>
  <testcase name="verifyCmsDetails" time="677.372" classname="com.tcs.BsiShopRedesign.cms.VerifyCmsDetails">
    <failure type="java.lang.AssertionError" message="Verification of Customer View Details was Unsuccessful">
      <![CDATA[java.lang.AssertionError: Verification of Customer View Details was Unsuccessful
	at com.tcs.BsiShopRedesign.utilities.CommonHelper.reportFailure(CommonHelper.java:66)
	at com.tcs.BsiShopRedesign.pages.CmsPage.verifyCustomerViewDetails(CmsPage.java:96)
	at com.tcs.BsiShopRedesign.cms.VerifyCmsDetails.verifyCmsDetails(VerifyCmsDetails.java:54)
... Removed 25 stack frames]]>
    </failure>
  </testcase> <!-- verifyCmsDetails -->
</testsuite> <!-- BSI Admin -->
