<?xml version="1.0" encoding="UTF-8"?>
<!-- Generated by org.testng.reporters.JUnitXMLReporter -->
<testsuite hostname="ShopRedesign02" name="Chrome Browser" tests="2" failures="0" timestamp="8 Jun 2018 07:14:50 GMT" time="100.884" errors="0">
  <testcase name="signIn" time="19.82" classname="com.tcs.BsiShopRedesign.sprint7.EditCheckoutAddress"/>
  <testcase name="editBillingAddress" time="74.508" classname="com.tcs.BsiShopRedesign.sprint7.EditCheckoutAddress"/>
</testsuite> <!-- Chrome Browser -->
