<?xml version="1.0" encoding="UTF-8"?>
<!-- Generated by org.testng.reporters.JUnitXMLReporter -->
<testsuite hostname="ShopRedesign04" name="Chrome Browser" tests="2" failures="1" timestamp="12 Dec 2018 13:57:58 GMT" time="99.231" errors="0">
  <testcase name="signIn" time="17.689" classname="com.tcs.BsiShopRedesign.sprint9.SecureAuthenticationPayment"/>
  <testcase name="verifyHardCopyDeliveryDetails" time="69.912" classname="com.tcs.BsiShopRedesign.sprint9.SecureAuthenticationPayment">
    <failure type="java.lang.AssertionError" message="Click Checkout was unsuccessful">
      <![CDATA[java.lang.AssertionError: Click Checkout was unsuccessful
	at com.tcs.BsiShopRedesign.utilities.CommonHelper.reportFailure(CommonHelper.java:78)
	at com.tcs.BsiShopRedesign.pages.BasketPage.clickCheckout(BasketPage.java:518)
	at com.tcs.BsiShopRedesign.sprint9.SecureAuthenticationPayment.verifyHardCopyDeliveryDetails(SecureAuthenticationPayment.java:78)
... Removed 25 stack frames]]>
    </failure>
  </testcase> <!-- verifyHardCopyDeliveryDetails -->
</testsuite> <!-- Chrome Browser -->
