<?xml version="1.0" encoding="UTF-8"?>
<!-- Generated by org.testng.reporters.JUnitXMLReporter -->
<testsuite hostname="ShopRedesign02" name="Firefox    Browser" tests="35" failures="10" timestamp="9 May 2018 11:52:23 GMT" time="2162.018" errors="0">
  <testcase name="signIn" time="20.921" classname="com.tcs.BsiShopRedesign.sprint1.MyProfile"/>
  <testcase name="addNewBillingAddress" time="20.829" classname="com.tcs.BsiShopRedesign.sprint1.MyProfile"/>
  <testcase name="makeDefaultBillingAddress" time="3.174" classname="com.tcs.BsiShopRedesign.sprint1.MyProfile"/>
  <testcase name="editBillingAddress" time="20.759" classname="com.tcs.BsiShopRedesign.sprint1.MyProfile"/>
  <testcase name="deleteBillingAddress" time="9.049" classname="com.tcs.BsiShopRedesign.sprint1.MyProfile"/>
  <testcase name="addDeliveryAddress" time="18.044" classname="com.tcs.BsiShopRedesign.sprint1.MyProfile"/>
  <testcase name="makeDefaultDeliveryAddress" time="4.237" classname="com.tcs.BsiShopRedesign.sprint1.MyProfile"/>
  <testcase name="editDeliveryAddress" time="17.848" classname="com.tcs.BsiShopRedesign.sprint1.MyProfile"/>
  <testcase name="deleteDeliveryAddress" time="8.863" classname="com.tcs.BsiShopRedesign.sprint1.MyProfile"/>
  <testcase name="resetPassword" time="27.753" classname="com.tcs.BsiShopRedesign.sprint1.MyProfile"/>
  <testcase name="productUpdateBasket" time="104.635" classname="com.tcs.BsiShopRedesign.sprint1.SCRProductsUpdateBasket"/>
  <testcase name="productUpdateBasket" time="103.634" classname="com.tcs.BsiShopRedesign.sprint1.SCRProductsUpdateBasket"/>
  <testcase name="productUpdateBasket" time="102.734" classname="com.tcs.BsiShopRedesign.sprint1.SCRProductsUpdateBasket"/>
  <testcase name="signIn" time="7.928" classname="com.tcs.BsiShopRedesign.sprint1.MyProfileAddTenAddresses"/>
  <testcase name="addTenBillingAddress" time="200.789" classname="com.tcs.BsiShopRedesign.sprint1.MyProfileAddTenAddresses"/>
  <testcase name="deleteTenBillingAddress" time="56.877" classname="com.tcs.BsiShopRedesign.sprint1.MyProfileAddTenAddresses"/>
  <testcase name="addTenDeliveryAddress" time="189.867" classname="com.tcs.BsiShopRedesign.sprint1.MyProfileAddTenAddresses"/>
  <testcase name="deleteTenDeliveryAddress" time="55.502" classname="com.tcs.BsiShopRedesign.sprint1.MyProfileAddTenAddresses"/>
  <testcase name="signIn" time="20.194" classname="com.tcs.BsiShopRedesign.sprint2.BookEvent"/>
  <testcase name="BookPaidEvent" time="41.523" classname="com.tcs.BsiShopRedesign.sprint2.BookEvent">
    <failure type="java.lang.AssertionError" message="Click Add Delegate was unsuccessful">
      <![CDATA[java.lang.AssertionError: Click Add Delegate was unsuccessful
	at com.tcs.BsiShopRedesign.utilities.CommonHelper.reportFailure(CommonHelper.java:64)
	at com.tcs.BsiShopRedesign.pages.EventPage.clickAddDelegate(EventPage.java:110)
	at com.tcs.BsiShopRedesign.sprint2.BookEvent.BookPaidEvent(BookEvent.java:57)
... Removed 25 stack frames]]>
    </failure>
  </testcase> <!-- BookPaidEvent -->
  <testcase name="BookFreeEvent" time="18.601" classname="com.tcs.BsiShopRedesign.sprint2.BookEvent">
    <failure type="java.lang.AssertionError" message="Click Book Now was unsuccessful">
      <![CDATA[java.lang.AssertionError: Click Book Now was unsuccessful
	at com.tcs.BsiShopRedesign.utilities.CommonHelper.reportFailure(CommonHelper.java:64)
	at com.tcs.BsiShopRedesign.pages.EventPage.bookFreeEvent(EventPage.java:428)
	at com.tcs.BsiShopRedesign.sprint2.BookEvent.BookFreeEvent(BookEvent.java:108)
... Removed 25 stack frames]]>
    </failure>
  </testcase> <!-- BookFreeEvent -->
  <testcase name="addAndUpdateMultipleEvents" time="100.755" classname="com.tcs.BsiShopRedesign.sprint2.MultipleEventUpdateBasket"/>
  <testcase name="signIn" time="49.699" classname="com.tcs.BsiShopRedesign.sprint2.StandardProductAndEventRemoveBasket">
    <failure type="java.lang.AssertionError" message="Login UnSuccessful">
      <![CDATA[java.lang.AssertionError: Login UnSuccessful
	at com.tcs.BsiShopRedesign.utilities.CommonHelper.reportFailure(CommonHelper.java:64)
	at com.tcs.BsiShopRedesign.pages.SignInPage.login(SignInPage.java:83)
	at com.tcs.BsiShopRedesign.sprint2.StandardProductAndEventRemoveBasket.signIn(StandardProductAndEventRemoveBasket.java:35)
... Removed 25 stack frames]]>
    </failure>
  </testcase> <!-- signIn -->
  <testcase name="BookPaidEventAndStandardProduct" time="402.364" classname="com.tcs.BsiShopRedesign.sprint2.StandardProductAndEventRemoveBasket">
    <failure type="java.lang.AssertionError" message="Remove Event and Product from Basket was unsuccessful">
      <![CDATA[java.lang.AssertionError: Remove Event and Product from Basket was unsuccessful
	at com.tcs.BsiShopRedesign.utilities.CommonHelper.reportFailure(CommonHelper.java:64)
	at com.tcs.BsiShopRedesign.pages.BasketPage.removeProductAndEvent(BasketPage.java:248)
	at com.tcs.BsiShopRedesign.sprint2.StandardProductAndEventRemoveBasket.BookPaidEventAndStandardProduct(StandardProductAndEventRemoveBasket.java:110)
... Removed 25 stack frames]]>
    </failure>
  </testcase> <!-- BookPaidEventAndStandardProduct -->
  <testcase name="signIn" time="19.945" classname="com.tcs.BsiShopRedesign.sprint2.EssentialsProductAndEventRemoveBasket"/>
  <testcase name="BookPaidEventAndStandardProduct" time="41.239" classname="com.tcs.BsiShopRedesign.sprint2.EssentialsProductAndEventRemoveBasket">
    <failure type="java.lang.AssertionError" message="Click Add Delegate was unsuccessful">
      <![CDATA[java.lang.AssertionError: Click Add Delegate was unsuccessful
	at com.tcs.BsiShopRedesign.utilities.CommonHelper.reportFailure(CommonHelper.java:64)
	at com.tcs.BsiShopRedesign.pages.EventPage.clickAddDelegate(EventPage.java:110)
	at com.tcs.BsiShopRedesign.sprint2.EssentialsProductAndEventRemoveBasket.BookPaidEventAndStandardProduct(EssentialsProductAndEventRemoveBasket.java:63)
... Removed 25 stack frames]]>
    </failure>
  </testcase> <!-- BookPaidEventAndStandardProduct -->
  <testcase name="regBSOLQuote" time="23.065" classname="com.tcs.BsiShopRedesign.sprint2.RegisterSubscriptions">
    <failure type="java.lang.AssertionError" message="TypeError: can&amp;apos;t access dead object
Build info: version: &amp;apos;3.8.0&amp;apos;, revision: &amp;apos;924c4067df&amp;apos;, time: &amp;apos;2017-11-30T11:20:39.408Z&amp;apos;
System info: host: &amp;apos;SHOPREDESIGN02&amp;apos;, ip: &amp;apos;10.0.9.5&amp;apos;, os.name: &amp;apos;Windows Server 2012&amp;apos;, os.arch: &amp;apos;amd64&amp;apos;, os.version: &amp;apos;6.2&amp;apos;, java.version: &amp;apos;1.8.0_162&amp;apos;
Driver info: org.openqa.selenium.firefox.FirefoxDriver
Capabilities {acceptInsecureCerts: true, browserName: firefox, browserVersion: 59.0.3, javascriptEnabled: true, moz:accessibilityChecks: false, moz:headless: false, moz:processID: 5056, moz:profile: C:\Users\shopqa\AppData\Loc..., moz:useNonSpecCompliantPointerOrigin: false, moz:webdriverClick: true, pageLoadStrategy: normal, platform: XP, platformName: XP, platformVersion: 6.2, rotatable: false, timeouts: {implicit: 0, pageLoad: 300000, script: 30000}}
Session ID: 94ac0c3e-234d-4998-8dbf-0bcb0149cc9f">
      <![CDATA[java.lang.AssertionError: TypeError: can't access dead object
Build info: version: '3.8.0', revision: '924c4067df', time: '2017-11-30T11:20:39.408Z'
System info: host: 'SHOPREDESIGN02', ip: '10.0.9.5', os.name: 'Windows Server 2012', os.arch: 'amd64', os.version: '6.2', java.version: '1.8.0_162'
Driver info: org.openqa.selenium.firefox.FirefoxDriver
Capabilities {acceptInsecureCerts: true, browserName: firefox, browserVersion: 59.0.3, javascriptEnabled: true, moz:accessibilityChecks: false, moz:headless: false, moz:processID: 5056, moz:profile: C:\Users\shopqa\AppData\Loc..., moz:useNonSpecCompliantPointerOrigin: false, moz:webdriverClick: true, pageLoadStrategy: normal, platform: XP, platformName: XP, platformVersion: 6.2, rotatable: false, timeouts: {implicit: 0, pageLoad: 300000, script: 30000}}
Session ID: 94ac0c3e-234d-4998-8dbf-0bcb0149cc9f
	at com.tcs.BsiShopRedesign.sprint2.RegisterSubscriptions.regBSOLQuote(RegisterSubscriptions.java:49)
... Removed 25 stack frames]]>
    </failure>
  </testcase> <!-- regBSOLQuote -->
  <testcase name="regCNQuote" time="0.0" classname="com.tcs.BsiShopRedesign.sprint2.RegisterSubscriptions">
    <failure type="java.lang.AssertionError" message="Malformed URL: can&amp;apos;t access dead object
Build info: version: &amp;apos;3.8.0&amp;apos;, revision: &amp;apos;924c4067df&amp;apos;, time: &amp;apos;2017-11-30T11:20:39.408Z&amp;apos;
System info: host: &amp;apos;SHOPREDESIGN02&amp;apos;, ip: &amp;apos;10.0.9.5&amp;apos;, os.name: &amp;apos;Windows Server 2012&amp;apos;, os.arch: &amp;apos;amd64&amp;apos;, os.version: &amp;apos;6.2&amp;apos;, java.version: &amp;apos;1.8.0_162&amp;apos;
Driver info: org.openqa.selenium.firefox.FirefoxDriver
Capabilities {acceptInsecureCerts: true, browserName: firefox, browserVersion: 59.0.3, javascriptEnabled: true, moz:accessibilityChecks: false, moz:headless: false, moz:processID: 5056, moz:profile: C:\Users\shopqa\AppData\Loc..., moz:useNonSpecCompliantPointerOrigin: false, moz:webdriverClick: true, pageLoadStrategy: normal, platform: XP, platformName: XP, platformVersion: 6.2, rotatable: false, timeouts: {implicit: 0, pageLoad: 300000, script: 30000}}
Session ID: 94ac0c3e-234d-4998-8dbf-0bcb0149cc9f">
      <![CDATA[java.lang.AssertionError: Malformed URL: can't access dead object
Build info: version: '3.8.0', revision: '924c4067df', time: '2017-11-30T11:20:39.408Z'
System info: host: 'SHOPREDESIGN02', ip: '10.0.9.5', os.name: 'Windows Server 2012', os.arch: 'amd64', os.version: '6.2', java.version: '1.8.0_162'
Driver info: org.openqa.selenium.firefox.FirefoxDriver
Capabilities {acceptInsecureCerts: true, browserName: firefox, browserVersion: 59.0.3, javascriptEnabled: true, moz:accessibilityChecks: false, moz:headless: false, moz:processID: 5056, moz:profile: C:\Users\shopqa\AppData\Loc..., moz:useNonSpecCompliantPointerOrigin: false, moz:webdriverClick: true, pageLoadStrategy: normal, platform: XP, platformName: XP, platformVersion: 6.2, rotatable: false, timeouts: {implicit: 0, pageLoad: 300000, script: 30000}}
Session ID: 94ac0c3e-234d-4998-8dbf-0bcb0149cc9f
	at com.tcs.BsiShopRedesign.sprint2.RegisterSubscriptions.regCNQuote(RegisterSubscriptions.java:92)
... Removed 25 stack frames]]>
    </failure>
  </testcase> <!-- regCNQuote -->
  <testcase name="regEurocodes" time="0.0" classname="com.tcs.BsiShopRedesign.sprint2.RegisterSubscriptions">
    <failure type="java.lang.AssertionError" message="Malformed URL: can&amp;apos;t access dead object
Build info: version: &amp;apos;3.8.0&amp;apos;, revision: &amp;apos;924c4067df&amp;apos;, time: &amp;apos;2017-11-30T11:20:39.408Z&amp;apos;
System info: host: &amp;apos;SHOPREDESIGN02&amp;apos;, ip: &amp;apos;10.0.9.5&amp;apos;, os.name: &amp;apos;Windows Server 2012&amp;apos;, os.arch: &amp;apos;amd64&amp;apos;, os.version: &amp;apos;6.2&amp;apos;, java.version: &amp;apos;1.8.0_162&amp;apos;
Driver info: org.openqa.selenium.firefox.FirefoxDriver
Capabilities {acceptInsecureCerts: true, browserName: firefox, browserVersion: 59.0.3, javascriptEnabled: true, moz:accessibilityChecks: false, moz:headless: false, moz:processID: 5056, moz:profile: C:\Users\shopqa\AppData\Loc..., moz:useNonSpecCompliantPointerOrigin: false, moz:webdriverClick: true, pageLoadStrategy: normal, platform: XP, platformName: XP, platformVersion: 6.2, rotatable: false, timeouts: {implicit: 0, pageLoad: 300000, script: 30000}}
Session ID: 94ac0c3e-234d-4998-8dbf-0bcb0149cc9f">
      <![CDATA[java.lang.AssertionError: Malformed URL: can't access dead object
Build info: version: '3.8.0', revision: '924c4067df', time: '2017-11-30T11:20:39.408Z'
System info: host: 'SHOPREDESIGN02', ip: '10.0.9.5', os.name: 'Windows Server 2012', os.arch: 'amd64', os.version: '6.2', java.version: '1.8.0_162'
Driver info: org.openqa.selenium.firefox.FirefoxDriver
Capabilities {acceptInsecureCerts: true, browserName: firefox, browserVersion: 59.0.3, javascriptEnabled: true, moz:accessibilityChecks: false, moz:headless: false, moz:processID: 5056, moz:profile: C:\Users\shopqa\AppData\Loc..., moz:useNonSpecCompliantPointerOrigin: false, moz:webdriverClick: true, pageLoadStrategy: normal, platform: XP, platformName: XP, platformVersion: 6.2, rotatable: false, timeouts: {implicit: 0, pageLoad: 300000, script: 30000}}
Session ID: 94ac0c3e-234d-4998-8dbf-0bcb0149cc9f
	at com.tcs.BsiShopRedesign.sprint2.RegisterSubscriptions.regEurocodes(RegisterSubscriptions.java:130)
... Removed 25 stack frames]]>
    </failure>
  </testcase> <!-- regEurocodes -->
  <testcase name="signIn" time="20.979" classname="com.tcs.BsiShopRedesign.sprint2.DownloadMarketingMaterial"/>
  <testcase name="downloadPASMM" time="32.441" classname="com.tcs.BsiShopRedesign.sprint2.DownloadMarketingMaterial">
    <failure type="java.lang.AssertionError" message="Download Materials for Governance Resilience product was unsuccessful">
      <![CDATA[java.lang.AssertionError: Download Materials for Governance Resilience product was unsuccessful
	at com.tcs.BsiShopRedesign.utilities.CommonHelper.reportFailure(CommonHelper.java:64)
	at com.tcs.BsiShopRedesign.sprint2.DownloadMarketingMaterial.downloadPASMM(DownloadMarketingMaterial.java:96)
... Removed 25 stack frames]]>
    </failure>
  </testcase> <!-- downloadPASMM -->
  <testcase name="registerMUNL" time="191.951" classname="com.tcs.BsiShopRedesign.sprint2.RegisterMUNLCode">
    <failure type="java.lang.AssertionError" message="Select Format and Add to Basket was unsuccessful">
      <![CDATA[java.lang.AssertionError: Select Format and Add to Basket was unsuccessful
	at com.tcs.BsiShopRedesign.utilities.CommonHelper.reportFailure(CommonHelper.java:64)
	at com.tcs.BsiShopRedesign.pages.ProductPage.selectFormatAndAddToBasket(ProductPage.java:117)
	at com.tcs.BsiShopRedesign.sprint2.RegisterMUNLCode.registerMUNL(RegisterMUNLCode.java:64)
... Removed 25 stack frames]]>
    </failure>
  </testcase> <!-- registerMUNL -->
  <testcase name="checkWarningMsgPDF" time="93.571" classname="com.tcs.BsiShopRedesign.sprint2.CheckWarningMsgAddtoBasket"/>
  <testcase name="signInMember" time="7.804" classname="com.tcs.BsiShopRedesign.sprint2.VerifyMemberTab"/>
  <testcase name="verifyStatus" time="4.543" classname="com.tcs.BsiShopRedesign.sprint2.VerifyMemberTab"/>
</testsuite> <!-- Firefox    Browser -->
