<?xml version="1.0" encoding="UTF-8"?>
<!-- Generated by org.testng.reporters.JUnitXMLReporter -->
<testsuite hostname="ShopRedesign04" name="Firefox    Browser" tests="3" failures="0" timestamp="9 Aug 2018 11:46:57 GMT" time="108.992" errors="0">
  <testcase name="signIn" time="17.436" classname="com.tcs.BsiShopRedesign.sprint8.ApplyMemberAccount"/>
  <testcase name="applyMemberAccountBelowBandNine" time="56.873" classname="com.tcs.BsiShopRedesign.sprint8.ApplyMemberAccount"/>
  <testcase name="applyMemberAccountBandNineAbove" time="26.291" classname="com.tcs.BsiShopRedesign.sprint8.ApplyMemberAccount"/>
</testsuite> <!-- Firefox    Browser -->
