<?xml version="1.0" encoding="UTF-8"?>
<!-- Generated by org.testng.reporters.JUnitXMLReporter -->
<testsuite hostname="ShopRedesign04" name="Internet Explorer Browser" tests="2" failures="1" timestamp="14 Nov 2018 13:34:43 GMT" time="216.017" errors="0">
  <testcase name="signIn" time="20.472" classname="com.tcs.BsiShopRedesign.sprint9.ViewPDFInvoice"/>
  <testcase name="applyPromoCode" time="185.235" classname="com.tcs.BsiShopRedesign.sprint9.ViewPDFInvoice">
    <failure type="java.lang.AssertionError" message="View PDF Invoice from Order History Page was unsuccessful">
      <![CDATA[java.lang.AssertionError: View PDF Invoice from Order History Page was unsuccessful
	at com.tcs.BsiShopRedesign.utilities.CommonHelper.reportFailure(CommonHelper.java:78)
	at com.tcs.BsiShopRedesign.sprint9.ViewPDFInvoice.applyPromoCode(ViewPDFInvoice.java:127)
... Removed 25 stack frames]]>
    </failure>
  </testcase> <!-- applyPromoCode -->
</testsuite> <!-- Internet Explorer Browser -->
