<?xml version="1.0" encoding="UTF-8"?>
<!-- Generated by org.testng.reporters.JUnitXMLReporter -->
<testsuite hostname="ShopRedesign04" name="Mozilla Firefox" tests="40" failures="0" timestamp="1 Nov 2018 09:38:06 GMT" time="97.437" errors="0">
  <testcase name="@AfterClass tearDown" time="0.0" classname="com.tcs.BsiShopRedesign.sprint7.UnregisteredUserCheckout">
    <failure type="org.openqa.selenium.WebDriverException" message="Failed to decode response from marionette
Build info: version: &amp;apos;3.8.0&amp;apos;, revision: &amp;apos;924c4067df&amp;apos;, time: &amp;apos;2017-11-30T11:20:39.408Z&amp;apos;
System info: host: &amp;apos;ShopRedesign04&amp;apos;, ip: &amp;apos;10.0.9.7&amp;apos;, os.name: &amp;apos;Windows Server 2012 R2&amp;apos;, os.arch: &amp;apos;amd64&amp;apos;, os.version: &amp;apos;6.3&amp;apos;, java.version: &amp;apos;1.8.0_171&amp;apos;
Driver info: org.openqa.selenium.firefox.FirefoxDriver
Capabilities {acceptInsecureCerts: true, browserName: firefox, browserVersion: 61.0, javascriptEnabled: true, moz:accessibilityChecks: false, moz:headless: false, moz:processID: 6320, moz:profile: C:\Users\shopqa\AppData\Loc..., moz:useNonSpecCompliantPointerOrigin: false, moz:webdriverClick: true, pageLoadStrategy: normal, platform: XP, platformName: XP, platformVersion: 6.3, rotatable: false, timeouts: {implicit: 0, pageLoad: 300000, script: 30000}}
Session ID: 51327471-6623-4e63-9da5-0d9fce14ab98">
      <![CDATA[org.openqa.selenium.WebDriverException: Failed to decode response from marionette
Build info: version: '3.8.0', revision: '924c4067df', time: '2017-11-30T11:20:39.408Z'
System info: host: 'ShopRedesign04', ip: '10.0.9.7', os.name: 'Windows Server 2012 R2', os.arch: 'amd64', os.version: '6.3', java.version: '1.8.0_171'
Driver info: org.openqa.selenium.firefox.FirefoxDriver
Capabilities {acceptInsecureCerts: true, browserName: firefox, browserVersion: 61.0, javascriptEnabled: true, moz:accessibilityChecks: false, moz:headless: false, moz:processID: 6320, moz:profile: C:\Users\shopqa\AppData\Loc..., moz:useNonSpecCompliantPointerOrigin: false, moz:webdriverClick: true, pageLoadStrategy: normal, platform: XP, platformName: XP, platformVersion: 6.3, rotatable: false, timeouts: {implicit: 0, pageLoad: 300000, script: 30000}}
Session ID: 51327471-6623-4e63-9da5-0d9fce14ab98
	at org.openqa.selenium.remote.http.W3CHttpResponseCodec.createException(W3CHttpResponseCodec.java:187)
	at org.openqa.selenium.remote.http.W3CHttpResponseCodec.decode(W3CHttpResponseCodec.java:122)
	at org.openqa.selenium.remote.http.W3CHttpResponseCodec.decode(W3CHttpResponseCodec.java:49)
	at org.openqa.selenium.remote.HttpCommandExecutor.execute(HttpCommandExecutor.java:164)
	at org.openqa.selenium.remote.service.DriverCommandExecutor.execute(DriverCommandExecutor.java:83)
	at org.openqa.selenium.remote.RemoteWebDriver.execute(RemoteWebDriver.java:601)
	at org.openqa.selenium.remote.RemoteWebDriver.execute(RemoteWebDriver.java:658)
	at org.openqa.selenium.remote.RemoteWebDriver.quit(RemoteWebDriver.java:497)
	at com.tcs.BsiShopRedesign.utilities.BaseTest.tearDown(BaseTest.java:147)
... Removed 28 stack frames]]>
    </failure>
  </testcase> <!-- @AfterClass tearDown -->
  <testcase name="@BeforeClass launchBrowser" time="0.0" classname="com.tcs.BsiShopRedesign.sprint7.VerifyMemberDiscount">
    <skipped/>
  </testcase> <!-- @BeforeClass launchBrowser -->
  <testcase name="@AfterClass tearDown" time="0.0" classname="com.tcs.BsiShopRedesign.sprint7.VerifyMemberDiscount">
    <skipped/>
  </testcase> <!-- @AfterClass tearDown -->
  <testcase name="@BeforeClass launchBrowser" time="0.0" classname="com.tcs.BsiShopRedesign.sprint7.EditCheckoutBillingAddress">
    <skipped/>
  </testcase> <!-- @BeforeClass launchBrowser -->
  <testcase name="@AfterClass tearDown" time="0.0" classname="com.tcs.BsiShopRedesign.sprint7.EditCheckoutBillingAddress">
    <skipped/>
  </testcase> <!-- @AfterClass tearDown -->
  <testcase name="@BeforeClass launchBrowser" time="0.0" classname="com.tcs.BsiShopRedesign.sprint7.CreateCheckoutBillingAddress">
    <skipped/>
  </testcase> <!-- @BeforeClass launchBrowser -->
  <testcase name="@AfterClass tearDown" time="0.0" classname="com.tcs.BsiShopRedesign.sprint7.CreateCheckoutBillingAddress">
    <skipped/>
  </testcase> <!-- @AfterClass tearDown -->
  <testcase name="@BeforeClass launchBrowser" time="0.0" classname="com.tcs.BsiShopRedesign.sprint8.ApplyMemberAccount">
    <skipped/>
  </testcase> <!-- @BeforeClass launchBrowser -->
  <testcase name="@AfterClass tearDown" time="0.0" classname="com.tcs.BsiShopRedesign.sprint8.ApplyMemberAccount">
    <skipped/>
  </testcase> <!-- @AfterClass tearDown -->
  <testcase name="@BeforeClass launchBrowser" time="0.0" classname="com.tcs.BsiShopRedesign.sprint8.VerifyMemberDetails">
    <skipped/>
  </testcase> <!-- @BeforeClass launchBrowser -->
  <testcase name="@AfterClass tearDown" time="0.0" classname="com.tcs.BsiShopRedesign.sprint8.VerifyMemberDetails">
    <skipped/>
  </testcase> <!-- @AfterClass tearDown -->
  <testcase name="@BeforeClass launchBrowser" time="0.0" classname="com.tcs.BsiShopRedesign.sprint8.RenewMembership">
    <skipped/>
  </testcase> <!-- @BeforeClass launchBrowser -->
  <testcase name="@AfterClass tearDown" time="0.0" classname="com.tcs.BsiShopRedesign.sprint8.RenewMembership">
    <skipped/>
  </testcase> <!-- @AfterClass tearDown -->
  <testcase name="@BeforeClass launchBrowser" time="0.0" classname="com.tcs.BsiShopRedesign.sprint8.SoftCopyDownloads">
    <skipped/>
  </testcase> <!-- @BeforeClass launchBrowser -->
  <testcase name="@AfterClass tearDown" time="0.0" classname="com.tcs.BsiShopRedesign.sprint8.SoftCopyDownloads">
    <skipped/>
  </testcase> <!-- @AfterClass tearDown -->
  <testcase name="@BeforeClass launchBrowser" time="0.0" classname="com.tcs.BsiShopRedesign.sprint8.VerifyHardCopyDetails">
    <skipped/>
  </testcase> <!-- @BeforeClass launchBrowser -->
  <testcase name="@AfterClass tearDown" time="0.0" classname="com.tcs.BsiShopRedesign.sprint8.VerifyHardCopyDetails">
    <skipped/>
  </testcase> <!-- @AfterClass tearDown -->
  <testcase name="@BeforeClass launchBrowser" time="0.0" classname="com.tcs.BsiShopRedesign.sprint8.ValidateCountryCheckoutDetails">
    <skipped/>
  </testcase> <!-- @BeforeClass launchBrowser -->
  <testcase name="@AfterClass tearDown" time="0.0" classname="com.tcs.BsiShopRedesign.sprint8.ValidateCountryCheckoutDetails">
    <skipped/>
  </testcase> <!-- @AfterClass tearDown -->
  <testcase name="@BeforeClass launchBrowser" time="0.0" classname="com.tcs.BsiShopRedesign.sprint8.VerifyPDFPreviewing">
    <skipped/>
  </testcase> <!-- @BeforeClass launchBrowser -->
  <testcase name="@AfterClass tearDown" time="0.0" classname="com.tcs.BsiShopRedesign.sprint8.VerifyPDFPreviewing">
    <skipped/>
  </testcase> <!-- @AfterClass tearDown -->
  <testcase name="@BeforeClass launchBrowser" time="0.0" classname="com.tcs.BsiShopRedesign.sprint8.EditOrderDetailsFromCheckout">
    <skipped/>
  </testcase> <!-- @BeforeClass launchBrowser -->
  <testcase name="@AfterClass tearDown" time="0.0" classname="com.tcs.BsiShopRedesign.sprint8.EditOrderDetailsFromCheckout">
    <skipped/>
  </testcase> <!-- @AfterClass tearDown -->
  <testcase name="@BeforeClass launchBrowser" time="0.0" classname="com.tcs.BsiShopRedesign.sprint9.PromoCodeOrder">
    <skipped/>
  </testcase> <!-- @BeforeClass launchBrowser -->
  <testcase name="@AfterClass tearDown" time="0.0" classname="com.tcs.BsiShopRedesign.sprint9.PromoCodeOrder">
    <skipped/>
  </testcase> <!-- @AfterClass tearDown -->
  <testcase name="@BeforeClass launchBrowser" time="0.0" classname="com.tcs.BsiShopRedesign.sprint9.PayByInvoice">
    <skipped/>
  </testcase> <!-- @BeforeClass launchBrowser -->
  <testcase name="@AfterClass tearDown" time="0.0" classname="com.tcs.BsiShopRedesign.sprint9.PayByInvoice">
    <skipped/>
  </testcase> <!-- @AfterClass tearDown -->
  <testcase name="@BeforeClass launchBrowser" time="0.0" classname="com.tcs.BsiShopRedesign.sprint9.PreBookProducts">
    <skipped/>
  </testcase> <!-- @BeforeClass launchBrowser -->
  <testcase name="@AfterClass tearDown" time="0.0" classname="com.tcs.BsiShopRedesign.sprint9.PreBookProducts">
    <skipped/>
  </testcase> <!-- @AfterClass tearDown -->
  <testcase name="@BeforeClass launchBrowser" time="0.0" classname="com.tcs.BsiShopRedesign.sprint9.VerifyContactUs">
    <skipped/>
  </testcase> <!-- @BeforeClass launchBrowser -->
  <testcase name="@AfterClass tearDown" time="0.0" classname="com.tcs.BsiShopRedesign.sprint9.VerifyContactUs">
    <skipped/>
  </testcase> <!-- @AfterClass tearDown -->
  <testcase name="@BeforeClass launchBrowser" time="0.0" classname="com.tcs.BsiShopRedesign.sprint9.SecureAuthenticationPayment">
    <skipped/>
  </testcase> <!-- @BeforeClass launchBrowser -->
  <testcase name="@AfterClass tearDown" time="0.0" classname="com.tcs.BsiShopRedesign.sprint9.SecureAuthenticationPayment">
    <skipped/>
  </testcase> <!-- @AfterClass tearDown -->
  <testcase name="@BeforeClass launchBrowser" time="0.0" classname="com.tcs.BsiShopRedesign.sprint9.VerifyDifferentProductType">
    <skipped/>
  </testcase> <!-- @BeforeClass launchBrowser -->
  <testcase name="@AfterClass tearDown" time="0.0" classname="com.tcs.BsiShopRedesign.sprint9.VerifyDifferentProductType">
    <skipped/>
  </testcase> <!-- @AfterClass tearDown -->
  <testcase name="CheckLoginAlertOnChekout" time="85.87" classname="com.tcs.BsiShopRedesign.sprint7.UnregisteredUserCheckout"/>
  <testcase name="signInMember" time="0.0" classname="com.tcs.BsiShopRedesign.sprint7.VerifyMemberDiscount">
    <skipped/>
  </testcase> <!-- signInMember -->
  <testcase name="verifyMemberPrice" time="0.015" classname="com.tcs.BsiShopRedesign.sprint7.VerifyMemberDiscount">
    <skipped/>
  </testcase> <!-- verifyMemberPrice -->
  <testcase name="signIn" time="0.0" classname="com.tcs.BsiShopRedesign.sprint7.EditCheckoutBillingAddress">
    <skipped/>
  </testcase> <!-- signIn -->
  <testcase name="editBillingAddress" time="0.0" classname="com.tcs.BsiShopRedesign.sprint7.EditCheckoutBillingAddress">
    <skipped/>
  </testcase> <!-- editBillingAddress -->
  <testcase name="signIn" time="0.0" classname="com.tcs.BsiShopRedesign.sprint7.CreateCheckoutBillingAddress">
    <skipped/>
  </testcase> <!-- signIn -->
  <testcase name="createBillingAddress" time="0.0" classname="com.tcs.BsiShopRedesign.sprint7.CreateCheckoutBillingAddress">
    <skipped/>
  </testcase> <!-- createBillingAddress -->
  <testcase name="signIn" time="0.0" classname="com.tcs.BsiShopRedesign.sprint8.ApplyMemberAccount">
    <skipped/>
  </testcase> <!-- signIn -->
  <testcase name="applyMemberAccountBelowBandNine" time="0.0" classname="com.tcs.BsiShopRedesign.sprint8.ApplyMemberAccount">
    <skipped/>
  </testcase> <!-- applyMemberAccountBelowBandNine -->
  <testcase name="applyMemberAccountBandNineAbove" time="0.0" classname="com.tcs.BsiShopRedesign.sprint8.ApplyMemberAccount">
    <skipped/>
  </testcase> <!-- applyMemberAccountBandNineAbove -->
  <testcase name="signInMember" time="0.0" classname="com.tcs.BsiShopRedesign.sprint8.VerifyMemberDetails">
    <skipped/>
  </testcase> <!-- signInMember -->
  <testcase name="verifyMemberLink" time="0.0" classname="com.tcs.BsiShopRedesign.sprint8.VerifyMemberDetails">
    <skipped/>
  </testcase> <!-- verifyMemberLink -->
  <testcase name="enterEmailID" time="0.0" classname="com.tcs.BsiShopRedesign.sprint8.VerifyMemberDetails">
    <skipped/>
  </testcase> <!-- enterEmailID -->
  <testcase name="signInMember" time="0.0" classname="com.tcs.BsiShopRedesign.sprint8.RenewMembership">
    <skipped/>
  </testcase> <!-- signInMember -->
  <testcase name="addRenewMembershipToBasket" time="0.0" classname="com.tcs.BsiShopRedesign.sprint8.RenewMembership">
    <skipped/>
  </testcase> <!-- addRenewMembershipToBasket -->
  <testcase name="signIn" time="0.0" classname="com.tcs.BsiShopRedesign.sprint8.SoftCopyDownloads">
    <skipped/>
  </testcase> <!-- signIn -->
  <testcase name="downloadSoftCopyfromOrderCofirmationPage" time="0.0" classname="com.tcs.BsiShopRedesign.sprint8.SoftCopyDownloads">
    <skipped/>
  </testcase> <!-- downloadSoftCopyfromOrderCofirmationPage -->
  <testcase name="downloadSoftCopyfromOrderHistoryPage" time="0.0" classname="com.tcs.BsiShopRedesign.sprint8.SoftCopyDownloads">
    <skipped/>
  </testcase> <!-- downloadSoftCopyfromOrderHistoryPage -->
  <testcase name="signIn" time="0.0" classname="com.tcs.BsiShopRedesign.sprint8.VerifyHardCopyDetails">
    <skipped/>
  </testcase> <!-- signIn -->
  <testcase name="verifyHardCopyDeliveryDetails" time="0.0" classname="com.tcs.BsiShopRedesign.sprint8.VerifyHardCopyDetails">
    <skipped/>
  </testcase> <!-- verifyHardCopyDeliveryDetails -->
  <testcase name="signIn" time="0.0" classname="com.tcs.BsiShopRedesign.sprint8.ValidateCountryCheckoutDetails">
    <skipped/>
  </testcase> <!-- signIn -->
  <testcase name="validateCheckoutNonUKDetailsHardCopy" time="0.0" classname="com.tcs.BsiShopRedesign.sprint8.ValidateCountryCheckoutDetails">
    <skipped/>
  </testcase> <!-- validateCheckoutNonUKDetailsHardCopy -->
  <testcase name="validateCheckoutNonUKDetailsSoftCopy" time="0.0" classname="com.tcs.BsiShopRedesign.sprint8.ValidateCountryCheckoutDetails">
    <skipped/>
  </testcase> <!-- validateCheckoutNonUKDetailsSoftCopy -->
  <testcase name="verifyMemberLink" time="0.0" classname="com.tcs.BsiShopRedesign.sprint8.VerifyPDFPreviewing">
    <skipped/>
  </testcase> <!-- verifyMemberLink -->
  <testcase name="signIn" time="0.0" classname="com.tcs.BsiShopRedesign.sprint8.EditOrderDetailsFromCheckout">
    <skipped/>
  </testcase> <!-- signIn -->
  <testcase name="verifyHardCopyDeliveryDetails" time="0.0" classname="com.tcs.BsiShopRedesign.sprint8.EditOrderDetailsFromCheckout">
    <skipped/>
  </testcase> <!-- verifyHardCopyDeliveryDetails -->
  <testcase name="signIn" time="0.0" classname="com.tcs.BsiShopRedesign.sprint9.PromoCodeOrder">
    <skipped/>
  </testcase> <!-- signIn -->
  <testcase name="applyPromoCode" time="0.0" classname="com.tcs.BsiShopRedesign.sprint9.PromoCodeOrder">
    <skipped/>
  </testcase> <!-- applyPromoCode -->
  <testcase name="signInMember" time="0.0" classname="com.tcs.BsiShopRedesign.sprint9.PayByInvoice">
    <skipped/>
  </testcase> <!-- signInMember -->
  <testcase name="payByInvoiceOrder" time="0.0" classname="com.tcs.BsiShopRedesign.sprint9.PayByInvoice">
    <skipped/>
  </testcase> <!-- payByInvoiceOrder -->
  <testcase name="verifyPayByInvoiceErrorMsg" time="0.0" classname="com.tcs.BsiShopRedesign.sprint9.PayByInvoice">
    <skipped/>
  </testcase> <!-- verifyPayByInvoiceErrorMsg -->
  <testcase name="signInMember" time="0.0" classname="com.tcs.BsiShopRedesign.sprint9.PreBookProducts">
    <skipped/>
  </testcase> <!-- signInMember -->
  <testcase name="verifyAdavanceAccessProduct" time="0.0" classname="com.tcs.BsiShopRedesign.sprint9.PreBookProducts">
    <skipped/>
  </testcase> <!-- verifyAdavanceAccessProduct -->
  <testcase name="verifyPreOrderProduct" time="0.016" classname="com.tcs.BsiShopRedesign.sprint9.PreBookProducts">
    <skipped/>
  </testcase> <!-- verifyPreOrderProduct -->
  <testcase name="contactUs" time="0.0" classname="com.tcs.BsiShopRedesign.sprint9.VerifyContactUs">
    <skipped/>
  </testcase> <!-- contactUs -->
  <testcase name="signIn" time="0.0" classname="com.tcs.BsiShopRedesign.sprint9.SecureAuthenticationPayment">
    <skipped/>
  </testcase> <!-- signIn -->
  <testcase name="verifyHardCopyDeliveryDetails" time="0.0" classname="com.tcs.BsiShopRedesign.sprint9.SecureAuthenticationPayment">
    <skipped/>
  </testcase> <!-- verifyHardCopyDeliveryDetails -->
  <testcase name="verifyDCProduct" time="0.015" classname="com.tcs.BsiShopRedesign.sprint9.VerifyDifferentProductType">
    <skipped/>
  </testcase> <!-- verifyDCProduct -->
  <testcase name="verifyNewsFeed" time="0.0" classname="com.tcs.BsiShopRedesign.sprint9.VerifyDifferentProductType">
    <skipped/>
  </testcase> <!-- verifyNewsFeed -->
  <testcase name="verifyPAS2030ProductDetails" time="0.0" classname="com.tcs.BsiShopRedesign.sprint9.VerifyDifferentProductType">
    <skipped/>
  </testcase> <!-- verifyPAS2030ProductDetails -->
</testsuite> <!-- Mozilla Firefox -->
