<?xml version="1.0" encoding="UTF-8"?>
<testng-results skipped="0" failed="1" total="2" passed="1">
  <reporter-output>
  </reporter-output>
  <suite name="Suite" duration-ms="325211" started-at="2018-11-14T10:31:12Z" finished-at="2018-11-14T10:36:37Z">
    <groups>
    </groups>
    <test name="Chrome Browser" duration-ms="325199" started-at="2018-11-14T10:31:12Z" finished-at="2018-11-14T10:36:37Z">
      <class name="com.tcs.BsiShopRedesign.sprint7.EditCheckoutBillingAddress">
        <test-method status="PASS" signature="launchBrowser(java.lang.String, java.lang.String)[pri:0, instance:com.tcs.BsiShopRedesign.sprint7.EditCheckoutBillingAddress@569cfc36]" name="launchBrowser" is-config="true" duration-ms="11911" started-at="2018-11-14T10:31:12Z" finished-at="2018-11-14T10:31:24Z">
          <params>
            <param index="0">
              <value>
                <![CDATA[chrome]]>
              </value>
            </param>
            <param index="1">
              <value>
                <![CDATA[No]]>
              </value>
            </param>
          </params>
          <reporter-output>
          </reporter-output>
        </test-method> <!-- launchBrowser -->
        <test-method status="PASS" signature="signIn()[pri:0, instance:com.tcs.BsiShopRedesign.sprint7.EditCheckoutBillingAddress@569cfc36]" name="signIn" duration-ms="130223" started-at="2018-11-14T10:31:24Z" finished-at="2018-11-14T10:33:34Z">
          <reporter-output>
          </reporter-output>
        </test-method> <!-- signIn -->
        <test-method status="FAIL" signature="editBillingAddress()[pri:0, instance:com.tcs.BsiShopRedesign.sprint7.EditCheckoutBillingAddress@569cfc36]" name="editBillingAddress" duration-ms="182160" started-at="2018-11-14T10:33:34Z" finished-at="2018-11-14T10:36:36Z">
          <exception class="java.lang.AssertionError">
            <message>
              <![CDATA[Edit Address in Checkout Page was unsuccessful]]>
            </message>
            <full-stacktrace>
              <![CDATA[java.lang.AssertionError: Edit Address in Checkout Page was unsuccessful
	at org.testng.Assert.fail(Assert.java:94)
	at com.tcs.BsiShopRedesign.utilities.CommonHelper.reportFailure(CommonHelper.java:78)
	at com.tcs.BsiShopRedesign.sprint7.EditCheckoutBillingAddress.editBillingAddress(EditCheckoutBillingAddress.java:109)
	at sun.reflect.NativeMethodAccessorImpl.invoke0(Native Method)
	at sun.reflect.NativeMethodAccessorImpl.invoke(NativeMethodAccessorImpl.java:62)
	at sun.reflect.DelegatingMethodAccessorImpl.invoke(DelegatingMethodAccessorImpl.java:43)
	at java.lang.reflect.Method.invoke(Method.java:498)
	at org.testng.internal.MethodInvocationHelper.invokeMethod(MethodInvocationHelper.java:85)
	at org.testng.internal.Invoker.invokeMethod(Invoker.java:639)
	at org.testng.internal.Invoker.invokeTestMethod(Invoker.java:821)
	at org.testng.internal.Invoker.invokeTestMethods(Invoker.java:1131)
	at org.testng.internal.TestMethodWorker.invokeTestMethods(TestMethodWorker.java:124)
	at org.testng.internal.TestMethodWorker.run(TestMethodWorker.java:108)
	at org.testng.TestRunner.privateRun(TestRunner.java:773)
	at org.testng.TestRunner.run(TestRunner.java:623)
	at org.testng.SuiteRunner.runTest(SuiteRunner.java:357)
	at org.testng.SuiteRunner.runSequentially(SuiteRunner.java:352)
	at org.testng.SuiteRunner.privateRun(SuiteRunner.java:310)
	at org.testng.SuiteRunner.run(SuiteRunner.java:259)
	at org.testng.SuiteRunnerWorker.runSuite(SuiteRunnerWorker.java:52)
	at org.testng.SuiteRunnerWorker.run(SuiteRunnerWorker.java:86)
	at org.testng.TestNG.runSuitesSequentially(TestNG.java:1185)
	at org.testng.TestNG.runSuitesLocally(TestNG.java:1110)
	at org.testng.TestNG.run(TestNG.java:1018)
	at org.testng.remote.AbstractRemoteTestNG.run(AbstractRemoteTestNG.java:114)
	at org.testng.remote.RemoteTestNG.initAndRun(RemoteTestNG.java:251)
	at org.testng.remote.RemoteTestNG.main(RemoteTestNG.java:77)
]]>
            </full-stacktrace>
          </exception> <!-- java.lang.AssertionError -->
          <reporter-output>
          </reporter-output>
        </test-method> <!-- editBillingAddress -->
        <test-method status="PASS" signature="tearDown()[pri:0, instance:com.tcs.BsiShopRedesign.sprint7.EditCheckoutBillingAddress@569cfc36]" name="tearDown" is-config="true" duration-ms="898" started-at="2018-11-14T10:36:36Z" finished-at="2018-11-14T10:36:37Z">
          <reporter-output>
          </reporter-output>
        </test-method> <!-- tearDown -->
      </class> <!-- com.tcs.BsiShopRedesign.sprint7.EditCheckoutBillingAddress -->
    </test> <!-- Chrome Browser -->
    <test name="BSI Admin" duration-ms="0" started-at="2018-11-14T10:36:37Z" finished-at="2018-11-14T10:36:37Z">
      <class name="com.tcs.BsiShopRedesign.sprint7.EditCheckoutBillingAddress">
        <test-method status="PASS" signature="getDriverInstance()[pri:0, instance:com.tcs.BsiShopRedesign.sprint7.EditCheckoutBillingAddress@569cfc36]" name="getDriverInstance" is-config="true" duration-ms="10" started-at="2018-11-14T10:31:12Z" finished-at="2018-11-14T10:31:12Z">
          <reporter-output>
          </reporter-output>
        </test-method> <!-- getDriverInstance -->
      </class> <!-- com.tcs.BsiShopRedesign.sprint7.EditCheckoutBillingAddress -->
    </test> <!-- BSI Admin -->
  </suite> <!-- Suite -->
</testng-results>
