<?xml version="1.0" encoding="UTF-8"?>
<testng-results skipped="0" failed="0" total="2" passed="2">
  <reporter-output>
  </reporter-output>
  <suite name="Suite" duration-ms="48740" started-at="2018-10-25T12:42:25Z" finished-at="2018-10-25T12:43:14Z">
    <groups>
    </groups>
    <test name="Internet Explorer Browser" duration-ms="15" started-at="2018-10-25T12:42:25Z" finished-at="2018-10-25T12:42:25Z">
    </test> <!-- Internet Explorer Browser -->
    <test name="BSI Admin" duration-ms="48725" started-at="2018-10-25T12:42:25Z" finished-at="2018-10-25T12:43:14Z">
      <class name="com.tcs.BsiShopRedesign.cms.VerifyCmsDetails">
        <test-method status="PASS" signature="getDriverInstance()[pri:0, instance:com.tcs.BsiShopRedesign.cms.VerifyCmsDetails@12c8a2c0]" name="getDriverInstance" is-config="true" duration-ms="0" started-at="2018-10-25T12:42:25Z" finished-at="2018-10-25T12:42:25Z">
          <reporter-output>
          </reporter-output>
        </test-method> <!-- getDriverInstance -->
        <test-method status="PASS" signature="launchBrowser(java.lang.String, java.lang.String)[pri:0, instance:com.tcs.BsiShopRedesign.cms.VerifyCmsDetails@12c8a2c0]" name="launchBrowser" is-config="true" duration-ms="6991" started-at="2018-10-25T12:42:25Z" finished-at="2018-10-25T12:42:32Z">
          <params>
            <param index="0">
              <value>
                <![CDATA[IE]]>
              </value>
            </param>
            <param index="1">
              <value>
                <![CDATA[Yes]]>
              </value>
            </param>
          </params>
          <reporter-output>
          </reporter-output>
        </test-method> <!-- launchBrowser -->
        <test-method status="PASS" signature="signInCms()[pri:0, instance:com.tcs.BsiShopRedesign.cms.VerifyCmsDetails@12c8a2c0]" name="signInCms" duration-ms="8571" started-at="2018-10-25T12:42:32Z" finished-at="2018-10-25T12:42:41Z">
          <reporter-output>
          </reporter-output>
        </test-method> <!-- signInCms -->
        <test-method status="PASS" signature="verifyCmsDetails()[pri:0, instance:com.tcs.BsiShopRedesign.cms.VerifyCmsDetails@12c8a2c0]" name="verifyCmsDetails" duration-ms="32316" started-at="2018-10-25T12:42:41Z" finished-at="2018-10-25T12:43:13Z">
          <reporter-output>
          </reporter-output>
        </test-method> <!-- verifyCmsDetails -->
        <test-method status="PASS" signature="tearDown()[pri:0, instance:com.tcs.BsiShopRedesign.cms.VerifyCmsDetails@12c8a2c0]" name="tearDown" is-config="true" duration-ms="844" started-at="2018-10-25T12:43:13Z" finished-at="2018-10-25T12:43:14Z">
          <reporter-output>
          </reporter-output>
        </test-method> <!-- tearDown -->
      </class> <!-- com.tcs.BsiShopRedesign.cms.VerifyCmsDetails -->
    </test> <!-- BSI Admin -->
  </suite> <!-- Suite -->
</testng-results>
